<?xml version="1.0" encoding="UTF-8"?>
<testng-results skipped="0" failed="0" ignored="0" total="1" passed="1">
  <reporter-output>
  </reporter-output>
  <suite name="Default suite" duration-ms="129" started-at="2021-10-26T20:49:53 IST" finished-at="2021-10-26T20:49:53 IST">
    <groups>
    </groups>
    <test name="Default test" duration-ms="129" started-at="2021-10-26T20:49:53 IST" finished-at="2021-10-26T20:49:53 IST">
      <class name="datadriven.datadriventesting">
        <test-method status="PASS" signature="Data()[pri:0, instance:datadriven.datadriventesting@7113b13f]" name="Data" duration-ms="35" started-at="2021-10-26T20:49:53 IST" finished-at="2021-10-26T20:49:53 IST">
          <reporter-output>
          </reporter-output>
        </test-method> <!-- Data -->
      </class> <!-- datadriven.datadriventesting -->
    </test> <!-- Default test -->
  </suite> <!-- Default suite -->
</testng-results>
